<?xml version="1.0" encoding="UTF-8"?>
<!-- Generated by org.testng.reporters.JUnitXMLReporter -->
<testsuite ignored="2" hostname="LAPTOP-L3UUKTV5" failures="0" tests="1" name="Default test" time="6.73" errors="0" timestamp="2024-03-03T17:19:46 MEZ">
  <testcase classname="tests.MobileApp" name="VerifyNewYorkAppisAvailableatGalaryStore" time="4.665"/>
  <testcase classname="tests.MobileApp" name="VerifyNewYorkAppisAvailableatGoogleStore" time="0.0">
    <ignored/>
  </testcase> <!-- VerifyNewYorkAppisAvailableatGoogleStore -->
  <testcase classname="tests.MobileApp" name="VerifyNewYorkAppisAvailableatAppStore" time="0.0">
    <ignored/>
  </testcase> <!-- VerifyNewYorkAppisAvailableatAppStore -->
</testsuite> <!-- Default test -->
