<?xml version="1.0" encoding="UTF-8"?>
<!-- Generated by org.testng.reporters.JUnitXMLReporter -->
<testsuite ignored="0" hostname="LAPTOP-L3UUKTV5" failures="0" tests="3" name="Testing" time="12.25" errors="0" timestamp="2024-03-01T10:14:48 MEZ">
  <testcase classname="tests.Login" name="LoginwithValidCredential" time="2.585"/>
  <testcase classname="tests.Login" name="LoginWithInvalidCredential" time="1.895"/>
  <testcase classname="tests.Login" name="LoginWithInvalidCredential" time="1.353"/>
</testsuite> <!-- Testing -->
