<?xml version="1.0" encoding="UTF-8"?>
<!-- Generated by org.testng.reporters.JUnitXMLReporter -->
<testsuite ignored="0" hostname="LAPTOP-L3UUKTV5" failures="0" tests="3" name="Testing Mobile App" time="39.32" errors="0" timestamp="2024-03-03T17:24:44 MEZ">
  <testcase classname="tests.MobileApp" name="VerifyNewYorkAppisAvailableatGalaryStore" time="8.648"/>
  <testcase classname="tests.MobileApp" name="VerifyNewYorkAppisAvailableatGoogleStore" time="9.248"/>
  <testcase classname="tests.MobileApp" name="VerifyNewYorkAppisAvailableatAppStore" time="9.681"/>
</testsuite> <!-- Testing Mobile App -->
