<?xml version="1.0" encoding="UTF-8"?>
<!-- Generated by org.testng.reporters.JUnitXMLReporter -->
<testsuite ignored="1" hostname="LAPTOP-L3UUKTV5" failures="0" tests="1" name="Testing Register New user" time="12.253" errors="0" timestamp="2024-03-03T13:05:24 MEZ">
  <testcase classname="tests.Registration" name="RegisterWithNewUser" time="9.93"/>
  <testcase classname="tests.Registration" name="RegisterExistsUser" time="0.0">
    <ignored/>
  </testcase> <!-- RegisterExistsUser -->
</testsuite> <!-- Testing Register New user -->
