<?xml version="1.0" encoding="UTF-8"?>
<!-- Generated by org.testng.reporters.JUnitXMLReporter -->
<testsuite ignored="0" hostname="LAPTOP-L3UUKTV5" failures="0" tests="3" name="Testing Login" time="12.543" errors="0" timestamp="2024-03-01T11:35:28 MEZ">
  <testcase classname="tests.Login" name="LoginwithValidCredential" time="2.114"/>
  <testcase classname="tests.Login" name="LoginWithInvalidCredential" time="2.051"/>
  <testcase classname="tests.Login" name="LoginWithInvalidCredential" time="2.11"/>
</testsuite> <!-- Testing Login -->
