<?xml version="1.0" encoding="UTF-8"?>
<!-- Generated by org.testng.reporters.JUnitXMLReporter -->
<testsuite ignored="0" hostname="LAPTOP-L3UUKTV5" failures="0" tests="3" name="Testing Login" time="13.435" errors="0" timestamp="2024-03-03T12:31:04 MEZ">
  <testcase classname="tests.Login" name="LoginwithValidCredential" time="2.921"/>
  <testcase classname="tests.Login" name="LoginWithInvalidCredential" time="2.223"/>
  <testcase classname="tests.Login" name="LoginWithInvalidCredential" time="2.645"/>
</testsuite> <!-- Testing Login -->
