<?xml version="1.0" encoding="UTF-8"?>
<!-- Generated by org.testng.reporters.JUnitXMLReporter -->
<testsuite ignored="1" hostname="LAPTOP-L3UUKTV5" failures="0" tests="2" name="Test Valid Credential" time="9.616" errors="0" timestamp="2024-03-03T13:02:07 MEZ">
  <testcase classname="tests.Login" name="LoginWithInvalidCredential" time="2.806"/>
  <testcase classname="tests.Login" name="LoginWithInvalidCredential" time="2.898"/>
  <testcase classname="tests.Login" name="LoginwithValidCredential" time="0.0">
    <ignored/>
  </testcase> <!-- LoginwithValidCredential -->
</testsuite> <!-- Test Valid Credential -->
