<?xml version="1.0" encoding="UTF-8"?>
<!-- Generated by org.testng.reporters.JUnitXMLReporter -->
<testsuite ignored="1" hostname="LAPTOP-L3UUKTV5" failures="0" tests="1" name="ValidCredentialTest" time="6.286" errors="0" timestamp="2024-03-03T13:00:10 MEZ">
  <testcase classname="tests.Login" name="LoginwithValidCredential" time="3.373"/>
  <testcase classname="tests.Login" name="LoginWithInvalidCredential" time="0.0">
    <ignored/>
  </testcase> <!-- LoginWithInvalidCredential -->
</testsuite> <!-- ValidCredentialTest -->
