<?xml version="1.0" encoding="UTF-8"?>
<testng-results ignored="0" total="1" passed="1" failed="0" skipped="0">
  <reporter-output>
  </reporter-output>
  <suite started-at="2024-03-03T13:05:12 MEZ" name="Regression Suite" finished-at="2024-03-03T13:05:24 MEZ" duration-ms="12253">
    <groups>
    </groups>
    <test started-at="2024-03-03T13:05:12 MEZ" name="Testing Register New user" finished-at="2024-03-03T13:05:24 MEZ" duration-ms="12253">
      <class name="tests.Registration">
        <test-method is-config="true" signature="startDriver(java.lang.String)[pri:0, instance:tests.Registration@66ea810]" started-at="2024-03-03T13:05:12 MEZ" name="startDriver" finished-at="2024-03-03T13:05:14 MEZ" duration-ms="2060" status="PASS">
          <params>
            <param index="0">
              <value>
                <![CDATA[chrome-headless]]>
              </value>
            </param>
          </params>
          <reporter-output>
          </reporter-output>
        </test-method> <!-- startDriver -->
        <test-method signature="RegisterWithNewUser(java.lang.String,java.lang.String,java.lang.String)[pri:1, instance:tests.Registration@66ea810]" started-at="2024-03-03T13:05:14 MEZ" name="RegisterWithNewUser" data-provider="Account Details" finished-at="2024-03-03T13:05:24 MEZ" duration-ms="9930" status="PASS">
          <params>
            <param index="0">
              <value>
                <![CDATA[AutomationTesting]]>
              </value>
            </param>
            <param index="1">
              <value>
                <![CDATA[ Tester]]>
              </value>
            </param>
            <param index="2">
              <value>
                <![CDATA[123456789]]>
              </value>
            </param>
          </params>
          <reporter-output>
          </reporter-output>
        </test-method> <!-- RegisterWithNewUser -->
        <test-method is-config="true" signature="quitDriver()[pri:0, instance:tests.Registration@66ea810]" started-at="2024-03-03T13:05:24 MEZ" name="quitDriver" finished-at="2024-03-03T13:05:24 MEZ" duration-ms="214" status="PASS">
          <reporter-output>
          </reporter-output>
        </test-method> <!-- quitDriver -->
      </class> <!-- tests.Registration -->
    </test> <!-- Testing Register New user -->
  </suite> <!-- Regression Suite -->
</testng-results>
